<?xml version="1.0" encoding="UTF-8"?>
<!-- Generated by org.testng.reporters.JUnitReportReporter -->
<testsuite hostname="dkadev-qaa" failures="0" tests="3" name="com.rest.api.get.GETBDDAPI" time="2.771" errors="0" timestamp="2023-09-20T08:55:03 CEST" skipped="0">
  <testcase classname="com.rest.api.get.GETBDDAPI" name="getAPICircuitTest_contentLength" time="1.823"/>
  <system-out/>
  <testcase classname="com.rest.api.get.GETBDDAPI" name="getAPITest_1" time="0.834"/>
  <system-out/>
  <testcase classname="com.rest.api.get.GETBDDAPI" name="getAPITest_2" time="0.114"/>
  <system-out/>
</testsuite> <!-- com.rest.api.get.GETBDDAPI -->
