<?xml version="1.0" encoding="UTF-8"?>
<!-- Generated by org.testng.reporters.JUnitReportReporter -->
<testsuite hostname="dkadev-qaa" failures="0" tests="3" name="GETAPIs.GETAPIRequestTest" time="2.632" errors="0" timestamp="2023-11-14T10:25:32 CET" skipped="0">
  <testcase classname="GETAPIs.GETAPIRequestTest" name="getAllUsersAPIWithQueryParamsTest" time="0.572"/>
  <system-out/>
  <testcase classname="GETAPIs.GETAPIRequestTest" name="getAllUsersAPIWithQueryParam_WithHashMapTest" time="0.603"/>
  <system-out/>
  <testcase classname="GETAPIs.GETAPIRequestTest" name="getAllUsersAPITest" time="1.457"/>
  <system-out/>
</testsuite> <!-- GETAPIs.GETAPIRequestTest -->
