<?xml version="1.0" encoding="UTF-8"?>
<!-- Generated by org.testng.reporters.JUnitReportReporter -->
<testsuite hostname="dkadev-qaa" failures="0" tests="1" name="GETAPIs.GETAPIRequestWithBDDTest" time="2.477" errors="0" timestamp="2023-11-14T14:36:57 CET" skipped="0">
  <testcase classname="GETAPIs.GETAPIRequestWithBDDTest" name="getUserDataAPIWith_Extract_Body_WithJSON_ExtractTest" time="2.477"/>
  <system-out/>
</testsuite> <!-- GETAPIs.GETAPIRequestWithBDDTest -->
