<?xml version="1.0" encoding="UTF-8"?>
<!-- Generated by org.testng.reporters.JUnitReportReporter -->
<testsuite hostname="dkadev-qaa" failures="0" tests="1" name="GETAPIs.GETAPIRequestWithBDDTest" time="1.823" errors="0" timestamp="2023-11-14T10:43:51 CET" skipped="0">
  <testcase classname="GETAPIs.GETAPIRequestWithBDDTest" name="getProductsTest" time="1.823"/>
  <system-out/>
</testsuite> <!-- GETAPIs.GETAPIRequestWithBDDTest -->
